<?xml version="1.0" encoding="UTF-8"?>
<testsuite xmlns:xsi="http://www.w3.org/2001/XMLSchema-instance" xsi:noNamespaceSchemaLocation="https://maven.apache.org/surefire/maven-surefire-plugin/xsd/surefire-test-report.xsd" version="3.0.2" name="TestSuite" time="257.166" tests="3" errors="0" skipped="0" failures="2">
  <properties>
[...]
</properties>
  <testcase name="runScenario[&quot;verify title of page&quot;, &quot;Homepage functionality&quot;](1)" classname="com.att13thDec.uiappfeatures.AmazonTestRunner" time="9.286">
    <system-out><![CDATA[D:\Users\admin\eclipse-workspace\ATT13DEC2025Cucumber\src\test\resources\uiappfeatures\Config.Propperties
Chrome
null
null

@sanity
&amp#27;[1mScenario:&amp#27;[22m verify title of page                 &amp#27;[90m# src/test/resources/uiappfeatures/Homepage.feature:4&amp#27;[39m
D:\Users\admin\eclipse-workspace\ATT13DEC2025Cucumber\src\test\resources\uiappfeatures\Config.Propperties
https://www.amazon.in
  &amp#27;[32m✔&amp#27;[39m &amp#27;[32m&amp#27;[1mGiven &amp#27;[22muser is at landing page&amp#27;[39m              &amp#27;[90m# com.att13thDec.uiappfeatures.HomePageSteps.user_is_at_landing_page()&amp#27;[39m
  &amp#27;[32m✔&amp#27;[39m &amp#27;[32m&amp#27;[1mThen &amp#27;[22mpage title should conatain &amp#27;[1m"Shopping"&amp#27;[22m&amp#27;[39m &amp#27;[90m# com.att13thDec.uiappfeatures.HomePageSteps.page_title_should_conatain(java.lang.String)&amp#27;[39m
PASSED
]]></system-out>
    <system-err><![CDATA[SLF4J: Failed to load class "org.slf4j.impl.StaticLoggerBinder".
SLF4J: Defaulting to no-operation (NOP) logger implementation
SLF4J: See http://www.slf4j.org/codes.html#StaticLoggerBinder for further details.
May 16, 2026 5:17:38 PM org.openqa.selenium.devtools.CdpVersionFinder findNearestMatch
WARNING: Unable to find CDP implementation matching 148
May 16, 2026 5:17:38 PM org.openqa.selenium.chromium.ChromiumDriver lambda$new$4
WARNING: Unable to find version of CDP to use for 148.0.7778.97. You may need to include a dependency on a specific version of the CDP using something similar to `org.seleniumhq.selenium:selenium-devtools-v86:4.39.0` where the version ("v86") matches the version of the chromium-based browser you're using and the version number of the artifact is the same as Selenium's.
]]></system-err>
  </testcase>
  <testcase name="runScenario[&quot;checkout the deal section&quot;, &quot;Homepage functionality&quot;](2)" classname="com.att13thDec.uiappfeatures.AmazonTestRunner" time="68.482">
    <failure message="Expected condition failed: waiting for visibility of Proxy element for: DefaultElementLocator &apos;By.xpath: //img[@alt=&apos;Daily essentials&apos;]&apos; (tried for 60 second(s) with 500 milliseconds interval)" type="org.openqa.selenium.TimeoutException"><![CDATA[org.openqa.selenium.TimeoutException: Expected condition failed: waiting for visibility of Proxy element for: DefaultElementLocator 'By.xpath: //img[@alt='Daily essentials']' (tried for 60 second(s) with 500 milliseconds interval)
	at org.openqa.selenium.support.ui.WebDriverWait.timeoutException(WebDriverWait.java:84)
	at org.openqa.selenium.support.ui.FluentWait.until(FluentWait.java:228)
	at com.att13thDec.pages.BasePage.waitForVisibilityOfElement(BasePage.java:22)
	at com.att13thDec.pages.HomePage.CheckoutDealsSection(HomePage.java:43)
	at com.att13thDec.uiappfeatures.HomePageSteps.user_click_on_deals(HomePageSteps.java:45)
	at ✽.user click on deals(file:///D:/Users/admin/eclipse-workspace/ATT13DEC2025Cucumber/src/test/resources/uiappfeatures/Homepage.feature:16)
Caused by: org.openqa.selenium.NoSuchElementException: no such element: Unable to locate element: {"method":"xpath","selector":"//img[@alt='Daily essentials']"}
  (Session info: chrome=148.0.7778.97)
For documentation on this error, please visit: https://www.selenium.dev/documentation/webdriver/troubleshooting/errors#nosuchelementexception
Build info: version: '4.39.0', revision: '126f156aee'
System info: os.name: 'Windows 10', os.arch: 'amd64', os.version: '10.0', java.version: '21.0.11'
Driver info: org.openqa.selenium.chrome.ChromeDriver
Command: [66ba5379e466802be8babef282e7caec, findElement {using=xpath, value=//img[@alt='Daily essentials']}]
Capabilities {acceptInsecureCerts: false, browserName: chrome, browserVersion: 148.0.7778.97, chrome: {chromedriverVersion: 148.0.7778.167 (65db666ac2c..., userDataDir: C:\Users\admin\AppData\Loca...}, fedcm:accounts: true, goog:chromeOptions: {debuggerAddress: localhost:65216}, goog:processID: 6048, networkConnectionEnabled: false, pageLoadStrategy: normal, platformName: windows, proxy: Proxy(), se:cdp: ws://localhost:65216/devtoo..., se:cdpVersion: 148.0.7778.97, setWindowRect: true, strictFileInteractability: false, timeouts: {implicit: 0, pageLoad: 300000, script: 30000}, unhandledPromptBehavior: dismiss and notify, webauthn:extension:credBlob: true, webauthn:extension:largeBlob: true, webauthn:extension:minPinLength: true, webauthn:extension:prf: true, webauthn:virtualAuthenticators: true}
Session ID: 66ba5379e466802be8babef282e7caec
	at java.base/jdk.internal.reflect.DirectConstructorHandleAccessor.newInstance(DirectConstructorHandleAccessor.java:62)
	at java.base/java.lang.reflect.Constructor.newInstanceWithCaller(Constructor.java:502)
	at java.base/java.lang.reflect.Constructor.newInstance(Constructor.java:486)
	at org.openqa.selenium.remote.ErrorCodec.decode(ErrorCodec.java:167)
	at org.openqa.selenium.remote.codec.w3c.W3CHttpResponseCodec.decode(W3CHttpResponseCodec.java:142)
	at org.openqa.selenium.remote.codec.w3c.W3CHttpResponseCodec.decode(W3CHttpResponseCodec.java:49)
	at org.openqa.selenium.remote.HttpCommandExecutor.execute(HttpCommandExecutor.java:215)
	at org.openqa.selenium.remote.service.DriverCommandExecutor.invokeExecute(DriverCommandExecutor.java:216)
	at org.openqa.selenium.remote.service.DriverCommandExecutor.execute(DriverCommandExecutor.java:174)
	at org.openqa.selenium.remote.RemoteWebDriver.execute(RemoteWebDriver.java:561)
	at org.openqa.selenium.remote.ElementLocation$ElementFinder$2.findElement(ElementLocation.java:166)
	at org.openqa.selenium.remote.ElementLocation.findElement(ElementLocation.java:60)
	at org.openqa.selenium.remote.RemoteWebDriver.findElement(RemoteWebDriver.java:384)
	at org.openqa.selenium.remote.RemoteWebDriver.findElement(RemoteWebDriver.java:378)
	at org.openqa.selenium.support.pagefactory.DefaultElementLocator.findElement(DefaultElementLocator.java:68)
	at org.openqa.selenium.support.pagefactory.internal.LocatingElementHandler.invoke(LocatingElementHandler.java:38)
	at jdk.proxy2/jdk.proxy2.$Proxy22.isDisplayed(Unknown Source)
	at org.openqa.selenium.support.ui.ExpectedConditions.elementIfVisible(ExpectedConditions.java:308)
	at org.openqa.selenium.support.ui.ExpectedConditions$10.apply(ExpectedConditions.java:294)
	at org.openqa.selenium.support.ui.ExpectedConditions$10.apply(ExpectedConditions.java:291)
	at org.openqa.selenium.support.ui.FluentWait.until(FluentWait.java:203)
	... 4 more
]]></failure>
    <system-out><![CDATA[
@functional
&amp#27;[1mScenario:&amp#27;[22m checkout the deal section        &amp#27;[90m# src/test/resources/uiappfeatures/Homepage.feature:14&amp#27;[39m
D:\Users\admin\eclipse-workspace\ATT13DEC2025Cucumber\src\test\resources\uiappfeatures\Config.Propperties
https://www.amazon.in
  &amp#27;[32m✔&amp#27;[39m &amp#27;[32m&amp#27;[1mGiven &amp#27;[22muser is at landing page&amp#27;[39m          &amp#27;[90m# com.att13thDec.uiappfeatures.HomePageSteps.user_is_at_landing_page()&amp#27;[39m
  &amp#27;[31m✘&amp#27;[39m &amp#27;[31m&amp#27;[1mWhen &amp#27;[22muser click on deals&amp#27;[39m               &amp#27;[90m# com.att13thDec.uiappfeatures.HomePageSteps.user_click_on_deals()&amp#27;[39m
        &amp#27;[31morg.openqa.selenium.TimeoutException: Expected condition failed: waiting for visibility of Proxy element for: DefaultElementLocator 'By.xpath: //img[@alt='Daily essentials']' (tried for 60 second(s) with 500 milliseconds interval)&amp#27;[39m
        &amp#27;[31m	at org.openqa.selenium.support.ui.WebDriverWait.timeoutException(WebDriverWait.java:84)&amp#27;[39m
        &amp#27;[31m	at org.openqa.selenium.support.ui.FluentWait.until(FluentWait.java:228)&amp#27;[39m
        &amp#27;[31m	at com.att13thDec.pages.BasePage.waitForVisibilityOfElement(BasePage.java:22)&amp#27;[39m
        &amp#27;[31m	at com.att13thDec.pages.HomePage.CheckoutDealsSection(HomePage.java:43)&amp#27;[39m
        &amp#27;[31m	at com.att13thDec.uiappfeatures.HomePageSteps.user_click_on_deals(HomePageSteps.java:45)&amp#27;[39m
        &amp#27;[31m	at ✽.user click on deals(file:///D:/Users/admin/eclipse-workspace/ATT13DEC2025Cucumber/src/test/resources/uiappfeatures/Homepage.feature:16)&amp#27;[39m
        &amp#27;[31mCaused by: org.openqa.selenium.NoSuchElementException: no such element: Unable to locate element: {"method":"xpath","selector":"//img[@alt='Daily essentials']"}&amp#27;[39m
        &amp#27;[31m  (Session info: chrome=148.0.7778.97)&amp#27;[39m
        &amp#27;[31mFor documentation on this error, please visit: https://www.selenium.dev/documentation/webdriver/troubleshooting/errors#nosuchelementexception&amp#27;[39m
        &amp#27;[31mBuild info: version: '4.39.0', revision: '126f156aee'&amp#27;[39m
        &amp#27;[31mSystem info: os.name: 'Windows 10', os.arch: 'amd64', os.version: '10.0', java.version: '21.0.11'&amp#27;[39m
        &amp#27;[31mDriver info: org.openqa.selenium.chrome.ChromeDriver&amp#27;[39m
        &amp#27;[31mCommand: [66ba5379e466802be8babef282e7caec, findElement {using=xpath, value=//img[@alt='Daily essentials']}]&amp#27;[39m
        &amp#27;[31mCapabilities {acceptInsecureCerts: false, browserName: chrome, browserVersion: 148.0.7778.97, chrome: {chromedriverVersion: 148.0.7778.167 (65db666ac2c..., userDataDir: C:\Users\admin\AppData\Loca...}, fedcm:accounts: true, goog:chromeOptions: {debuggerAddress: localhost:65216}, goog:processID: 6048, networkConnectionEnabled: false, pageLoadStrategy: normal, platformName: windows, proxy: Proxy(), se:cdp: ws://localhost:65216/devtoo..., se:cdpVersion: 148.0.7778.97, setWindowRect: true, strictFileInteractability: false, timeouts: {implicit: 0, pageLoad: 300000, script: 30000}, unhandledPromptBehavior: dismiss and notify, webauthn:extension:credBlob: true, webauthn:extension:largeBlob: true, webauthn:extension:minPinLength: true, webauthn:extension:prf: true, webauthn:virtualAuthenticators: true}&amp#27;[39m
        &amp#27;[31mSession ID: 66ba5379e466802be8babef282e7caec&amp#27;[39m
        &amp#27;[31m	at java.base/jdk.internal.reflect.DirectConstructorHandleAccessor.newInstance(DirectConstructorHandleAccessor.java:62)&amp#27;[39m
        &amp#27;[31m	at java.base/java.lang.reflect.Constructor.newInstanceWithCaller(Constructor.java:502)&amp#27;[39m
        &amp#27;[31m	at java.base/java.lang.reflect.Constructor.newInstance(Constructor.java:486)&amp#27;[39m
        &amp#27;[31m	at org.openqa.selenium.remote.ErrorCodec.decode(ErrorCodec.java:167)&amp#27;[39m
        &amp#27;[31m	at org.openqa.selenium.remote.codec.w3c.W3CHttpResponseCodec.decode(W3CHttpResponseCodec.java:142)&amp#27;[39m
        &amp#27;[31m	at org.openqa.selenium.remote.codec.w3c.W3CHttpResponseCodec.decode(W3CHttpResponseCodec.java:49)&amp#27;[39m
        &amp#27;[31m	at org.openqa.selenium.remote.HttpCommandExecutor.execute(HttpCommandExecutor.java:215)&amp#27;[39m
        &amp#27;[31m	at org.openqa.selenium.remote.service.DriverCommandExecutor.invokeExecute(DriverCommandExecutor.java:216)&amp#27;[39m
        &amp#27;[31m	at org.openqa.selenium.remote.service.DriverCommandExecutor.execute(DriverCommandExecutor.java:174)&amp#27;[39m
        &amp#27;[31m	at org.openqa.selenium.remote.RemoteWebDriver.execute(RemoteWebDriver.java:561)&amp#27;[39m
        &amp#27;[31m	at org.openqa.selenium.remote.ElementLocation$ElementFinder$2.findElement(ElementLocation.java:166)&amp#27;[39m
        &amp#27;[31m	at org.openqa.selenium.remote.ElementLocation.findElement(ElementLocation.java:60)&amp#27;[39m
        &amp#27;[31m	at org.openqa.selenium.remote.RemoteWebDriver.findElement(RemoteWebDriver.java:384)&amp#27;[39m
        &amp#27;[31m	at org.openqa.selenium.remote.RemoteWebDriver.findElement(RemoteWebDriver.java:378)&amp#27;[39m
        &amp#27;[31m	at org.openqa.selenium.support.pagefactory.DefaultElementLocator.findElement(DefaultElementLocator.java:68)&amp#27;[39m
        &amp#27;[31m	at org.openqa.selenium.support.pagefactory.internal.LocatingElementHandler.invoke(LocatingElementHandler.java:38)&amp#27;[39m
        &amp#27;[31m	at jdk.proxy2/jdk.proxy2.$Proxy22.isDisplayed(Unknown Source)&amp#27;[39m
        &amp#27;[31m	at org.openqa.selenium.support.ui.ExpectedConditions.elementIfVisible(ExpectedConditions.java:308)&amp#27;[39m
        &amp#27;[31m	at org.openqa.selenium.support.ui.ExpectedConditions$10.apply(ExpectedConditions.java:294)&amp#27;[39m
        &amp#27;[31m	at org.openqa.selenium.support.ui.ExpectedConditions$10.apply(ExpectedConditions.java:291)&amp#27;[39m
        &amp#27;[31m	at org.openqa.selenium.support.ui.FluentWait.until(FluentWait.java:203)&amp#27;[39m
        &amp#27;[31m	... 4 more&amp#27;[39m
  &amp#27;[36m↷&amp#27;[39m &amp#27;[36m&amp#27;[1mThen &amp#27;[22muser should redirect to deal page&amp#27;[39m &amp#27;[90m# com.att13thDec.uiappfeatures.HomePageSteps.user_should_redirect_to_deal_page()&amp#27;[39m
FAILED

        &amp#27;[34mEmbedding checkout the deal section [image/png 1096863 bytes]&amp#27;[39m

]]></system-out>
  </testcase>
  <testcase name="runScenario[&quot;search mobile through home page&quot;, &quot;Search functionality&quot;](3)" classname="com.att13thDec.uiappfeatures.AmazonTestRunner" time="155.781">
    <failure message="Expected condition failed: waiting for visibility of Proxy element for: DefaultElementLocator &apos;By.xpath: //*[@role=&apos;listitem&apos;]//*[contains(text(),&apos;Redmi A4 5G (Starry Black&apos;)]&apos; (tried for 60 second(s) with 500 milliseconds interval)" type="org.openqa.selenium.TimeoutException"><![CDATA[org.openqa.selenium.TimeoutException: Expected condition failed: waiting for visibility of Proxy element for: DefaultElementLocator 'By.xpath: //*[@role='listitem']//*[contains(text(),'Redmi A4 5G (Starry Black')]' (tried for 60 second(s) with 500 milliseconds interval)
	at org.openqa.selenium.support.ui.WebDriverWait.timeoutException(WebDriverWait.java:84)
	at org.openqa.selenium.support.ui.FluentWait.until(FluentWait.java:228)
	at com.att13thDec.pages.BasePage.waitForVisibilityOfElement(BasePage.java:22)
	at com.att13thDec.pages.SearchPage.isMobilePhoneDisplyed(SearchPage.java:39)
	at com.att13thDec.uiappfeatures.SearchPageSteps.mobile_search_results_should_displayed(SearchPageSteps.java:33)
	at ✽.mobile search results should displayed(file:///D:/Users/admin/eclipse-workspace/ATT13DEC2025Cucumber/src/test/resources/uiappfeatures/SearchPage.feature:7)
Caused by: org.openqa.selenium.NoSuchElementException: no such element: Unable to locate element: {"method":"xpath","selector":"//*[@role='listitem']//*[contains(text(),'Redmi A4 5G (Starry Black')]"}
  (Session info: chrome=148.0.7778.97)
For documentation on this error, please visit: https://www.selenium.dev/documentation/webdriver/troubleshooting/errors#nosuchelementexception
Build info: version: '4.39.0', revision: '126f156aee'
System info: os.name: 'Windows 10', os.arch: 'amd64', os.version: '10.0', java.version: '21.0.11'
Driver info: org.openqa.selenium.chrome.ChromeDriver
Command: [66ba5379e466802be8babef282e7caec, findElement {using=xpath, value=//*[@role='listitem']//*[contains(text(),'Redmi A4 5G (Starry Black')]}]
Capabilities {acceptInsecureCerts: false, browserName: chrome, browserVersion: 148.0.7778.97, chrome: {chromedriverVersion: 148.0.7778.167 (65db666ac2c..., userDataDir: C:\Users\admin\AppData\Loca...}, fedcm:accounts: true, goog:chromeOptions: {debuggerAddress: localhost:65216}, goog:processID: 6048, networkConnectionEnabled: false, pageLoadStrategy: normal, platformName: windows, proxy: Proxy(), se:cdp: ws://localhost:65216/devtoo..., se:cdpVersion: 148.0.7778.97, setWindowRect: true, strictFileInteractability: false, timeouts: {implicit: 0, pageLoad: 300000, script: 30000}, unhandledPromptBehavior: dismiss and notify, webauthn:extension:credBlob: true, webauthn:extension:largeBlob: true, webauthn:extension:minPinLength: true, webauthn:extension:prf: true, webauthn:virtualAuthenticators: true}
Session ID: 66ba5379e466802be8babef282e7caec
	at java.base/jdk.internal.reflect.DirectConstructorHandleAccessor.newInstance(DirectConstructorHandleAccessor.java:62)
	at java.base/java.lang.reflect.Constructor.newInstanceWithCaller(Constructor.java:502)
	at java.base/java.lang.reflect.Constructor.newInstance(Constructor.java:486)
	at org.openqa.selenium.remote.ErrorCodec.decode(ErrorCodec.java:167)
	at org.openqa.selenium.remote.codec.w3c.W3CHttpResponseCodec.decode(W3CHttpResponseCodec.java:142)
	at org.openqa.selenium.remote.codec.w3c.W3CHttpResponseCodec.decode(W3CHttpResponseCodec.java:49)
	at org.openqa.selenium.remote.HttpCommandExecutor.execute(HttpCommandExecutor.java:215)
	at org.openqa.selenium.remote.service.DriverCommandExecutor.invokeExecute(DriverCommandExecutor.java:216)
	at org.openqa.selenium.remote.service.DriverCommandExecutor.execute(DriverCommandExecutor.java:174)
	at org.openqa.selenium.remote.RemoteWebDriver.execute(RemoteWebDriver.java:561)
	at org.openqa.selenium.remote.ElementLocation$ElementFinder$2.findElement(ElementLocation.java:166)
	at org.openqa.selenium.remote.ElementLocation.findElement(ElementLocation.java:60)
	at org.openqa.selenium.remote.RemoteWebDriver.findElement(RemoteWebDriver.java:384)
	at org.openqa.selenium.remote.RemoteWebDriver.findElement(RemoteWebDriver.java:378)
	at org.openqa.selenium.support.pagefactory.DefaultElementLocator.findElement(DefaultElementLocator.java:68)
	at org.openqa.selenium.support.pagefactory.internal.LocatingElementHandler.invoke(LocatingElementHandler.java:38)
	at jdk.proxy2/jdk.proxy2.$Proxy22.isDisplayed(Unknown Source)
	at org.openqa.selenium.support.ui.ExpectedConditions.elementIfVisible(ExpectedConditions.java:308)
	at org.openqa.selenium.support.ui.ExpectedConditions$10.apply(ExpectedConditions.java:294)
	at org.openqa.selenium.support.ui.ExpectedConditions$10.apply(ExpectedConditions.java:291)
	at org.openqa.selenium.support.ui.FluentWait.until(FluentWait.java:203)
	... 4 more
]]></failure>
    <system-out><![CDATA[
@functional
&amp#27;[1mScenario:&amp#27;[22m search mobile through home page       &amp#27;[90m# src/test/resources/uiappfeatures/SearchPage.feature:4&amp#27;[39m
D:\Users\admin\eclipse-workspace\ATT13DEC2025Cucumber\src\test\resources\uiappfeatures\Config.Propperties
https://www.amazon.in
  &amp#27;[32m✔&amp#27;[39m &amp#27;[32m&amp#27;[1mGiven &amp#27;[22muser is at landing page&amp#27;[39m               &amp#27;[90m# com.att13thDec.uiappfeatures.HomePageSteps.user_is_at_landing_page()&amp#27;[39m
  &amp#27;[32m✔&amp#27;[39m &amp#27;[32m&amp#27;[1mWhen &amp#27;[22muser search the &amp#27;[1m"mobile"&amp#27;[22m in text field&amp#27;[39m &amp#27;[90m# com.att13thDec.uiappfeatures.SearchPageSteps.user_search_the_in_text_field(java.lang.String)&amp#27;[39m
  &amp#27;[31m✘&amp#27;[39m &amp#27;[31m&amp#27;[1mThen &amp#27;[22mmobile search results should displayed&amp#27;[39m &amp#27;[90m# com.att13thDec.uiappfeatures.SearchPageSteps.mobile_search_results_should_displayed()&amp#27;[39m
        &amp#27;[31morg.openqa.selenium.TimeoutException: Expected condition failed: waiting for visibility of Proxy element for: DefaultElementLocator 'By.xpath: //*[@role='listitem']//*[contains(text(),'Redmi A4 5G (Starry Black')]' (tried for 60 second(s) with 500 milliseconds interval)&amp#27;[39m
        &amp#27;[31m	at org.openqa.selenium.support.ui.WebDriverWait.timeoutException(WebDriverWait.java:84)&amp#27;[39m
        &amp#27;[31m	at org.openqa.selenium.support.ui.FluentWait.until(FluentWait.java:228)&amp#27;[39m
        &amp#27;[31m	at com.att13thDec.pages.BasePage.waitForVisibilityOfElement(BasePage.java:22)&amp#27;[39m
        &amp#27;[31m	at com.att13thDec.pages.SearchPage.isMobilePhoneDisplyed(SearchPage.java:39)&amp#27;[39m
        &amp#27;[31m	at com.att13thDec.uiappfeatures.SearchPageSteps.mobile_search_results_should_displayed(SearchPageSteps.java:33)&amp#27;[39m
        &amp#27;[31m	at ✽.mobile search results should displayed(file:///D:/Users/admin/eclipse-workspace/ATT13DEC2025Cucumber/src/test/resources/uiappfeatures/SearchPage.feature:7)&amp#27;[39m
        &amp#27;[31mCaused by: org.openqa.selenium.NoSuchElementException: no such element: Unable to locate element: {"method":"xpath","selector":"//*[@role='listitem']//*[contains(text(),'Redmi A4 5G (Starry Black')]"}&amp#27;[39m
        &amp#27;[31m  (Session info: chrome=148.0.7778.97)&amp#27;[39m
        &amp#27;[31mFor documentation on this error, please visit: https://www.selenium.dev/documentation/webdriver/troubleshooting/errors#nosuchelementexception&amp#27;[39m
        &amp#27;[31mBuild info: version: '4.39.0', revision: '126f156aee'&amp#27;[39m
        &amp#27;[31mSystem info: os.name: 'Windows 10', os.arch: 'amd64', os.version: '10.0', java.version: '21.0.11'&amp#27;[39m
        &amp#27;[31mDriver info: org.openqa.selenium.chrome.ChromeDriver&amp#27;[39m
        &amp#27;[31mCommand: [66ba5379e466802be8babef282e7caec, findElement {using=xpath, value=//*[@role='listitem']//*[contains(text(),'Redmi A4 5G (Starry Black')]}]&amp#27;[39m
        &amp#27;[31mCapabilities {acceptInsecureCerts: false, browserName: chrome, browserVersion: 148.0.7778.97, chrome: {chromedriverVersion: 148.0.7778.167 (65db666ac2c..., userDataDir: C:\Users\admin\AppData\Loca...}, fedcm:accounts: true, goog:chromeOptions: {debuggerAddress: localhost:65216}, goog:processID: 6048, networkConnectionEnabled: false, pageLoadStrategy: normal, platformName: windows, proxy: Proxy(), se:cdp: ws://localhost:65216/devtoo..., se:cdpVersion: 148.0.7778.97, setWindowRect: true, strictFileInteractability: false, timeouts: {implicit: 0, pageLoad: 300000, script: 30000}, unhandledPromptBehavior: dismiss and notify, webauthn:extension:credBlob: true, webauthn:extension:largeBlob: true, webauthn:extension:minPinLength: true, webauthn:extension:prf: true, webauthn:virtualAuthenticators: true}&amp#27;[39m
        &amp#27;[31mSession ID: 66ba5379e466802be8babef282e7caec&amp#27;[39m
        &amp#27;[31m	at java.base/jdk.internal.reflect.DirectConstructorHandleAccessor.newInstance(DirectConstructorHandleAccessor.java:62)&amp#27;[39m
        &amp#27;[31m	at java.base/java.lang.reflect.Constructor.newInstanceWithCaller(Constructor.java:502)&amp#27;[39m
        &amp#27;[31m	at java.base/java.lang.reflect.Constructor.newInstance(Constructor.java:486)&amp#27;[39m
        &amp#27;[31m	at org.openqa.selenium.remote.ErrorCodec.decode(ErrorCodec.java:167)&amp#27;[39m
        &amp#27;[31m	at org.openqa.selenium.remote.codec.w3c.W3CHttpResponseCodec.decode(W3CHttpResponseCodec.java:142)&amp#27;[39m
        &amp#27;[31m	at org.openqa.selenium.remote.codec.w3c.W3CHttpResponseCodec.decode(W3CHttpResponseCodec.java:49)&amp#27;[39m
        &amp#27;[31m	at org.openqa.selenium.remote.HttpCommandExecutor.execute(HttpCommandExecutor.java:215)&amp#27;[39m
        &amp#27;[31m	at org.openqa.selenium.remote.service.DriverCommandExecutor.invokeExecute(DriverCommandExecutor.java:216)&amp#27;[39m
        &amp#27;[31m	at org.openqa.selenium.remote.service.DriverCommandExecutor.execute(DriverCommandExecutor.java:174)&amp#27;[39m
        &amp#27;[31m	at org.openqa.selenium.remote.RemoteWebDriver.execute(RemoteWebDriver.java:561)&amp#27;[39m
        &amp#27;[31m	at org.openqa.selenium.remote.ElementLocation$ElementFinder$2.findElement(ElementLocation.java:166)&amp#27;[39m
        &amp#27;[31m	at org.openqa.selenium.remote.ElementLocation.findElement(ElementLocation.java:60)&amp#27;[39m
        &amp#27;[31m	at org.openqa.selenium.remote.RemoteWebDriver.findElement(RemoteWebDriver.java:384)&amp#27;[39m
        &amp#27;[31m	at org.openqa.selenium.remote.RemoteWebDriver.findElement(RemoteWebDriver.java:378)&amp#27;[39m
        &amp#27;[31m	at org.openqa.selenium.support.pagefactory.DefaultElementLocator.findElement(DefaultElementLocator.java:68)&amp#27;[39m
        &amp#27;[31m	at org.openqa.selenium.support.pagefactory.internal.LocatingElementHandler.invoke(LocatingElementHandler.java:38)&amp#27;[39m
        &amp#27;[31m	at jdk.proxy2/jdk.proxy2.$Proxy22.isDisplayed(Unknown Source)&amp#27;[39m
        &amp#27;[31m	at org.openqa.selenium.support.ui.ExpectedConditions.elementIfVisible(ExpectedConditions.java:308)&amp#27;[39m
        &amp#27;[31m	at org.openqa.selenium.support.ui.ExpectedConditions$10.apply(ExpectedConditions.java:294)&amp#27;[39m
        &amp#27;[31m	at org.openqa.selenium.support.ui.ExpectedConditions$10.apply(ExpectedConditions.java:291)&amp#27;[39m
        &amp#27;[31m	at org.openqa.selenium.support.ui.FluentWait.until(FluentWait.java:203)&amp#27;[39m
        &amp#27;[31m	... 4 more&amp#27;[39m
FAILED

        &amp#27;[34mEmbedding search mobile through home page [image/png 377340 bytes]&amp#27;[39m

]]></system-out>
  </testcase>
</testsuite>