<?xml version="1.0" encoding="UTF-8"?>
<testsuite xmlns:xsi="http://www.w3.org/2001/XMLSchema-instance" xsi:noNamespaceSchemaLocation="https://maven.apache.org/surefire/maven-surefire-plugin/xsd/surefire-test-report.xsd" version="3.0.2" name="TestSuite" time="108.91" tests="4" errors="0" skipped="0" failures="0">
  <properties>
[...]
</properties>
  <testcase name="runScenario[&quot;verify title of page&quot;, &quot;Homepage functionality&quot;](1)" classname="com.att13thDec.uiappfeatures.AmazonTestRunner" time="19.281">
    <system-out><![CDATA[D:\Users\admin\eclipse-workspace\ATT13DEC2025Cucumber\src\test\resources\uiappfeatures\Config.Propperties
Chrome
null
null

@sanity
&amp#27;[1mScenario:&amp#27;[22m verify title of page                 &amp#27;[90m# src/test/resources/uiappfeatures/Homepage.feature:4&amp#27;[39m
D:\Users\admin\eclipse-workspace\ATT13DEC2025Cucumber\src\test\resources\uiappfeatures\Config.Propperties
https://www.amazon.in
  &amp#27;[32m✔&amp#27;[39m &amp#27;[32m&amp#27;[1mGiven &amp#27;[22muser is at landing page&amp#27;[39m              &amp#27;[90m# com.att13thDec.uiappfeatures.HomePageSteps.user_is_at_landing_page()&amp#27;[39m
  &amp#27;[32m✔&amp#27;[39m &amp#27;[32m&amp#27;[1mThen &amp#27;[22mpage title should conatain &amp#27;[1m"Shopping"&amp#27;[22m&amp#27;[39m &amp#27;[90m# com.att13thDec.uiappfeatures.HomePageSteps.page_title_should_conatain(java.lang.String)&amp#27;[39m
PASSED
]]></system-out>
    <system-err><![CDATA[SLF4J: Failed to load class "org.slf4j.impl.StaticLoggerBinder".
SLF4J: Defaulting to no-operation (NOP) logger implementation
SLF4J: See http://www.slf4j.org/codes.html#StaticLoggerBinder for further details.
]]></system-err>
  </testcase>
  <testcase name="runScenario[&quot;verify cart icon is displaying&quot;, &quot;Homepage functionality&quot;](2)" classname="com.att13thDec.uiappfeatures.AmazonTestRunner" time="9.498">
    <system-out><![CDATA[
@regression
&amp#27;[1mScenario:&amp#27;[22m verify cart icon is displaying &amp#27;[90m# src/test/resources/uiappfeatures/Homepage.feature:9&amp#27;[39m
D:\Users\admin\eclipse-workspace\ATT13DEC2025Cucumber\src\test\resources\uiappfeatures\Config.Propperties
https://www.amazon.in
  &amp#27;[32m✔&amp#27;[39m &amp#27;[32m&amp#27;[1mGiven &amp#27;[22muser is at landing page&amp#27;[39m        &amp#27;[90m# com.att13thDec.uiappfeatures.HomePageSteps.user_is_at_landing_page()&amp#27;[39m
  &amp#27;[32m✔&amp#27;[39m &amp#27;[32m&amp#27;[1mThen &amp#27;[22mcart icon should displayed&amp#27;[39m      &amp#27;[90m# com.att13thDec.uiappfeatures.HomePageSteps.cart_icon_should_displayed()&amp#27;[39m
PASSED
]]></system-out>
  </testcase>
  <testcase name="runScenario[&quot;checkout the deal section&quot;, &quot;Homepage functionality&quot;](3)" classname="com.att13thDec.uiappfeatures.AmazonTestRunner" time="52.397">
    <system-out><![CDATA[
@functinal
&amp#27;[1mScenario:&amp#27;[22m checkout the deal section        &amp#27;[90m# src/test/resources/uiappfeatures/Homepage.feature:14&amp#27;[39m
D:\Users\admin\eclipse-workspace\ATT13DEC2025Cucumber\src\test\resources\uiappfeatures\Config.Propperties
https://www.amazon.in
  &amp#27;[32m✔&amp#27;[39m &amp#27;[32m&amp#27;[1mGiven &amp#27;[22muser is at landing page&amp#27;[39m          &amp#27;[90m# com.att13thDec.uiappfeatures.HomePageSteps.user_is_at_landing_page()&amp#27;[39m
  &amp#27;[32m✔&amp#27;[39m &amp#27;[32m&amp#27;[1mWhen &amp#27;[22muser click on deals&amp#27;[39m               &amp#27;[90m# com.att13thDec.uiappfeatures.HomePageSteps.user_click_on_deals()&amp#27;[39m
  &amp#27;[32m✔&amp#27;[39m &amp#27;[32m&amp#27;[1mThen &amp#27;[22muser should redirect to deal page&amp#27;[39m &amp#27;[90m# com.att13thDec.uiappfeatures.HomePageSteps.user_should_redirect_to_deal_page()&amp#27;[39m
PASSED
]]></system-out>
  </testcase>
  <testcase name="runScenario[&quot;search mobile through home page&quot;, &quot;Search functionality&quot;](4)" classname="com.att13thDec.uiappfeatures.AmazonTestRunner" time="20.986">
    <system-out><![CDATA[
@functinal
&amp#27;[1mScenario:&amp#27;[22m search mobile through home page       &amp#27;[90m# src/test/resources/uiappfeatures/SearchPage.feature:4&amp#27;[39m
D:\Users\admin\eclipse-workspace\ATT13DEC2025Cucumber\src\test\resources\uiappfeatures\Config.Propperties
https://www.amazon.in
  &amp#27;[32m✔&amp#27;[39m &amp#27;[32m&amp#27;[1mGiven &amp#27;[22muser is at landing page&amp#27;[39m               &amp#27;[90m# com.att13thDec.uiappfeatures.HomePageSteps.user_is_at_landing_page()&amp#27;[39m
  &amp#27;[32m✔&amp#27;[39m &amp#27;[32m&amp#27;[1mWhen &amp#27;[22muser search the &amp#27;[1m"mobile"&amp#27;[22m in text field&amp#27;[39m &amp#27;[90m# com.att13thDec.uiappfeatures.SearchPageSteps.user_search_the_in_text_field(java.lang.String)&amp#27;[39m
  &amp#27;[32m✔&amp#27;[39m &amp#27;[32m&amp#27;[1mThen &amp#27;[22mmobile search results should displayed&amp#27;[39m &amp#27;[90m# com.att13thDec.uiappfeatures.SearchPageSteps.mobile_search_results_should_displayed()&amp#27;[39m
PASSED
]]></system-out>
  </testcase>
</testsuite>