<?xml version="1.0" encoding="UTF-8"?>
<!-- Generated by org.testng.reporters.JUnitReportReporter -->
<testsuite hostname="DESKTOP-MNLQ4J6" failures="0" tests="3" name="runner.CampaignRunnerWithDryRun" time="0.355" errors="0" timestamp="2026-01-01T23:31:03 IST" skipped="0">
  <testcase classname="runner.CampaignRunnerWithDryRun" name="runScenario" time="0.011"/>
  <system-out/>
  <testcase classname="runner.CampaignRunnerWithDryRun" name="runScenario" time="0.011"/>
  <system-out/>
  <testcase classname="runner.CampaignRunnerWithDryRun" name="runScenario" time="0.333"/>
  <system-out/>
</testsuite> <!-- runner.CampaignRunnerWithDryRun -->
