<?xml version="1.0" encoding="UTF-8"?>
<!-- Generated by org.testng.reporters.JUnitReportReporter -->
<testsuite hostname="DESKTOP-MNLQ4J6" failures="0" tests="3" name="runner.OrderRunner" time="0.232" errors="0" timestamp="2025-12-26T18:44:56 IST" skipped="0">
  <testcase classname="runner.OrderRunner" name="runScenario" time="0.203"/>
  <system-out/>
  <testcase classname="runner.OrderRunner" name="runScenario" time="0.014"/>
  <system-out/>
  <testcase classname="runner.OrderRunner" name="runScenario" time="0.015"/>
  <system-out/>
</testsuite> <!-- runner.OrderRunner -->
