<?xml version="1.0" encoding="UTF-8"?>
<!-- Generated by org.testng.reporters.JUnitReportReporter -->
<testsuite hostname="DESKTOP-MNLQ4J6" failures="0" tests="4" name="runner.ScenarioOutlineRunner" time="0.165" errors="0" timestamp="2025-12-24T20:35:12 IST" skipped="0">
  <testcase classname="runner.ScenarioOutlineRunner" name="runScenario" time="0.008"/>
  <system-out/>
  <testcase classname="runner.ScenarioOutlineRunner" name="runScenario" time="0.008"/>
  <system-out/>
  <testcase classname="runner.ScenarioOutlineRunner" name="runScenario" time="0.144"/>
  <system-out/>
  <testcase classname="runner.ScenarioOutlineRunner" name="runScenario" time="0.005"/>
  <system-out/>
</testsuite> <!-- runner.ScenarioOutlineRunner -->
