<?xml version="1.0" encoding="UTF-8"?>
<!-- Generated by org.testng.reporters.JUnitReportReporter -->
<testsuite hostname="DESKTOP-MNLQ4J6" failures="0" tests="3" name="runner.ProfileRunner" time="0.282" errors="0" timestamp="2026-02-07T16:29:22 IST" skipped="0">
  <testcase classname="runner.ProfileRunner" name="runScenario" time="0.254"/>
  <system-out/>
  <testcase classname="runner.ProfileRunner" name="runScenario" time="0.008"/>
  <system-out/>
  <testcase classname="runner.ProfileRunner" name="runScenario" time="0.020"/>
  <system-out/>
</testsuite> <!-- runner.ProfileRunner -->
