<?xml version="1.0" encoding="UTF-8"?>
<!-- Generated by org.testng.reporters.JUnitReportReporter -->
<testsuite hostname="DESKTOP-MNLQ4J6" failures="0" tests="2" name="runner.CampaignEx_2RunnerOR" time="0.340" errors="0" timestamp="2026-01-18T17:34:45 IST" skipped="0">
  <testcase classname="runner.CampaignEx_2RunnerOR" name="runScenario" time="0.334"/>
  <system-out/>
  <testcase classname="runner.CampaignEx_2RunnerOR" name="runScenario" time="0.006"/>
  <system-out/>
</testsuite> <!-- runner.CampaignEx_2RunnerOR -->
