<?xml version="1.0" encoding="UTF-8"?>
<!-- Generated by org.testng.reporters.JUnitReportReporter -->
<testsuite hostname="DESKTOP-MNLQ4J6" failures="0" tests="3" name="runner.CampaignRunnerTagCampaign" time="0.228" errors="0" timestamp="2025-12-31T14:55:52 IST" skipped="0">
  <testcase classname="runner.CampaignRunnerTagCampaign" name="runScenario" time="0.199"/>
  <system-out/>
  <testcase classname="runner.CampaignRunnerTagCampaign" name="runScenario" time="0.017"/>
  <system-out/>
  <testcase classname="runner.CampaignRunnerTagCampaign" name="runScenario" time="0.012"/>
  <system-out/>
</testsuite> <!-- runner.CampaignRunnerTagCampaign -->
