<?xml version="1.0" encoding="UTF-8"?>
<!-- Generated by org.testng.reporters.JUnitReportReporter -->
<testsuite hostname="DESKTOP-MNLQ4J6" failures="0" tests="2" name="runner.PlacingConfirmationRunner2" time="0.355" errors="0" timestamp="2026-01-01T19:56:00 IST" skipped="0">
  <testcase classname="runner.PlacingConfirmationRunner2" name="runScenario" time="0.009"/>
  <system-out/>
  <testcase classname="runner.PlacingConfirmationRunner2" name="runScenario" time="0.346"/>
  <system-out/>
</testsuite> <!-- runner.PlacingConfirmationRunner2 -->
