<?xml version="1.0" encoding="UTF-8"?>
<!-- Generated by org.testng.reporters.JUnitReportReporter -->
<testsuite hostname="DESKTOP-MNLQ4J6" failures="0" tests="2" name="runner.CampaignRunnerNotOR" time="0.329" errors="0" timestamp="2026-01-18T17:43:32 IST" skipped="0">
  <testcase classname="runner.CampaignRunnerNotOR" name="runScenario" time="0.010"/>
  <system-out/>
  <testcase classname="runner.CampaignRunnerNotOR" name="runScenario" time="0.319"/>
  <system-out/>
</testsuite> <!-- runner.CampaignRunnerNotOR -->
