<?xml version="1.0" encoding="UTF-8"?>
<!-- Generated by org.testng.reporters.JUnitReportReporter -->
<testsuite hostname="DESKTOP-MNLQ4J6" failures="0" tests="2" name="runner.CampaignRunnerSanity" time="0.158" errors="0" timestamp="2025-12-30T10:20:08 IST" skipped="0">
  <testcase classname="runner.CampaignRunnerSanity" name="runScenario" time="0.014"/>
  <system-out/>
  <testcase classname="runner.CampaignRunnerSanity" name="runScenario" time="0.144"/>
  <system-out/>
</testsuite> <!-- runner.CampaignRunnerSanity -->
