<?xml version="1.0" encoding="UTF-8"?>
<!-- Generated by org.testng.reporters.JUnitReportReporter -->
<testsuite hostname="DESKTOP-MNLQ4J6" failures="0" tests="4" name="com.att13thDec.uiappfeatures.AmazonTestRunner" time="102.154" errors="0" timestamp="2026-01-13T19:39:54 IST" skipped="0">
  <testcase classname="com.att13thDec.uiappfeatures.AmazonTestRunner" name="runScenario" time="52.400"/>
  <system-out/>
  <testcase classname="com.att13thDec.uiappfeatures.AmazonTestRunner" name="runScenario" time="19.268"/>
  <system-out/>
  <testcase classname="com.att13thDec.uiappfeatures.AmazonTestRunner" name="runScenario" time="9.506"/>
  <system-out/>
  <testcase classname="com.att13thDec.uiappfeatures.AmazonTestRunner" name="runScenario" time="20.980"/>
  <system-out/>
</testsuite> <!-- com.att13thDec.uiappfeatures.AmazonTestRunner -->
